Fecha: 2021-06-13T14:48:32.148
Se escribió una letra donde debería ir un número en la línea: 4) ,201856949,MalorySpykings,20/03/1997,F

Fecha: 2021-06-13T14:48:32.148
Se escribió una letra donde debería ir un número en la línea: 5) /,201767540,RowLancett,08/04/1991,F

Fecha: 2021-06-13T14:48:32.148
Se escribió una letra donde debería ir un número en la línea: 10) ,201793297,AurieClemmensen,04/05/1998,F

Fecha: 2021-06-13T14:48:32.148
Se escribió un género inexistente en la línea: 11) 11,201954246,DaneFawltey,21/05/1998,H

Fecha: 2021-06-13T14:48:32.148
Se escribió una letra donde debería ir un número en la línea: 12) 12,,CodyGerardin,09/05/1997,M

Fecha: 2021-06-13T14:48:32.148
No se ha definido un género: 13) 13,201789150,AnnelieseDowbiggin,17/03/2000,

Fecha: 2021-06-13T14:48:32.148
Se escribió un género inexistente en la línea: 14) 14,201926315,HendersonFeaks,15/04/1998,G

Fecha: 2021-06-13T14:48:32.148
Se escribió una letra donde debería ir un número en la línea: 20) ,201971095,PersisCarville,11/01/2000,F

Fecha: 2021-06-13T14:48:32.148
Se escribió una letra donde debería ir un número en la línea: 23) ,201916332,StefaMcPake,27/06/1995,F

Fecha: 2021-06-13T14:48:32.148
Se escribió una letra donde debería ir un número en la línea: 26) 26,,BuckieVeel,14/06/1995,M

Fecha: 2021-06-13T14:48:32.148
Se escribió una letra donde debería ir un número en la línea: 27) 27,B,KinAttrey,23/05/1999,M

Fecha: 2021-06-13T14:48:32.148
No se ha definido un género: 28) 28,201869970,RossieUlrik,22/12/1996,

Fecha: 2021-06-13T14:48:32.148
Se escribió una letra donde debería ir un número en la línea: 31) ,202031195,JuneBianco,02/10/1996,F

Fecha: 2021-06-13T14:48:32.148
Se escribió una letra donde debería ir un número en la línea: 34) 34,>,AlidaBreens,10/08/1990,F

Fecha: 2021-06-13T14:48:32.148
Se escribió una letra donde debería ir un número en la línea: 36) ,202057344,TonieHaime,19/04/1999,F

Fecha: 2021-06-13T14:48:32.148
Esta línea se ha cargado anteriormente: 22

Fecha: 2021-06-13T14:48:32.148
Se escribió un género inexistente en la línea: 38) 38,202027725,KendraFrany,30/06/1993,Y

Fecha: 2021-06-13T14:48:32.148
Se escribió una letra donde debería ir un número en la línea: 39) 39,A,BentonRingham,19/04/1994,M

Fecha: 2021-06-13T14:48:32.148
No se ha definido un género: 40) 40,202072198,JillMoodey,21/01/2000,

Fecha: 2021-06-13T14:48:32.148
Se escribió una letra donde debería ir un número en la línea: 42) #,201840357,NeritaStratford,27/12/1996,F

Fecha: 2021-06-13T14:48:32.148
Se escribió una letra donde debería ir un número en la línea: 46) 46,,AshleyKennerknecht,29/04/1994,F

Fecha: 2021-06-13T14:48:32.148
Se escribió una letra donde debería ir un número en la línea: 49) ,201795506,AdanPaur,05/07/1995,M

Fecha: 2021-06-13T14:48:32.148
Se escribió una letra donde debería ir un número en la línea: 50) ,201982520,FreemonLetten,02/12/1997,M

Fecha: 2021-06-13T14:48:32.148
Esta línea se ha cargado anteriormente: 28

Fecha: 2021-06-13T14:48:32.148
Se escribió una letra donde debería ir un número en la línea: 59) 59,carnet,ErnyFones,03/09/1996,M

Fecha: 2021-06-13T14:48:32.148
Se escribió una letra donde debería ir un número en la línea: 64) .,201710002,NealonAllsepp,11/04/1993,M

Fecha: 2021-06-13T14:48:32.148
Se escribió una letra donde debería ir un número en la línea: 66) 66,=,XylinaMartynka,28/06/1991,F

Fecha: 2021-06-13T14:48:32.148
Esta línea se ha cargado anteriormente: 40

Fecha: 2021-06-13T14:48:32.148
Se escribió un género inexistente en la línea: 69) 69,201932838,KrissieQuickfall,24/04/1990,U

Fecha: 2021-06-13T14:48:32.148
Se escribió una letra donde debería ir un número en la línea: 71) ,201778595,MattiasPolack,22/01/1995,M

Fecha: 2021-06-13T14:48:32.148
Se escribió una letra donde debería ir un número en la línea: 72) error,201960049,AlviraVictor,10/02/1996,F

Fecha: 2021-06-13T14:48:32.148
Se escribió una letra donde debería ir un número en la línea: 76) 76,hola,AndiLaws,09/04/1998,F

Fecha: 2021-06-13T14:48:32.148
Esta línea se ha cargado anteriormente: 45

Fecha: 2021-06-13T14:48:32.148
Se escribió una letra donde debería ir un número en la línea: 80) ,201871215,MilliNeylan,07/04/1990,F

Fecha: 2021-06-13T14:48:32.148
Se escribió una letra donde debería ir un número en la línea: 83) ,202014840,RozannaStaines,10/04/1990,F

Fecha: 2021-06-13T14:48:32.148
Se escribió una letra donde debería ir un número en la línea: 88) 88,mundo,PetuniaSworn,11/11/1997,F

Fecha: 2021-06-13T14:48:32.148
Se escribió una letra donde debería ir un número en la línea: 91) 91,{201935067},SelaEvequot,10/09/1999,F

Fecha: 2021-06-13T14:48:32.148
Se escribió una letra donde debería ir un número en la línea: 93) ,202027150,GailRoundtree,12/01/1994,M

Fecha: 2021-06-13T14:48:32.148
Se escribió una letra donde debería ir un número en la línea: 95) ,201833222,CollineMatussov,14/12/1992,F

Fecha: 2021-06-13T14:48:32.148
Se escribió una letra donde debería ir un número en la línea: 98) error,201844007,RyleyJordi,30/05/1994,M

Fecha: 2021-06-13T14:48:32.148
Se escribió una letra donde debería ir un número en la línea: 104) ,201755673,LavernaGormley,01/03/1992,F

Fecha: 2021-06-13T14:48:32.148
Se escribió una letra donde debería ir un número en la línea: 105) id,201787431,TreforJedrychowski,18/01/1990,M

Fecha: 2021-06-13T14:48:32.148
Se escribió una letra donde debería ir un número en la línea: 111) ,201797053,AnsticeFallon,22/06/1994,F

Fecha: 2021-06-13T14:48:32.148
Se escribió una letra donde debería ir un número en la línea: 119) ,201917274,HugibertBein,11/07/1997,M

Fecha: 2021-06-13T14:48:32.148
Se escribió una letra donde debería ir un número en la línea: 146) ,201845649,ShalneBeekmann,11/07/1998,F

Fecha: 2021-06-13T14:48:32.148
Se escribió una letra donde debería ir un número en la línea: 152) ,201866922,TallulahDigges,02/06/1996,F

Fecha: 2021-06-13T14:48:32.148
Se escribió una letra donde debería ir un número en la línea: 160) ,201983175,PiotrCrann,25/05/2000,M

Fecha: 2021-06-13T14:48:32.148
Se escribió una letra donde debería ir un número en la línea: 167) ,201944945,HurleyKohtler,03/10/1995,M

Fecha: 2021-06-13T14:48:32.148
Se escribió una letra donde debería ir un número en la línea: 178) ,202099082,MaiaFend,31/10/1995,F

Fecha: 2021-06-13T14:48:32.148
Se escribió una letra donde debería ir un número en la línea: 179) ,202087990,YurikRoubeix,18/11/1992,M

Fecha: 2021-06-13T14:48:32.148
No se ha definido un género: 1) 1,202085089,NikolaosKemmis,04/07/1994,26/06/2008,

Fecha: 2021-06-13T14:48:32.148
Se escribió una letra donde debería ir un número en la línea: 3) ,,AlvinSelby,22/08/1996,03/08/2018,M

Fecha: 2021-06-13T14:48:32.148
No se ha definido un género: 4) 4,201907604,LonnyAntowski,17/10/1995,20/12/2012,

Fecha: 2021-06-13T14:48:32.148
Esta línea se ha cargado anteriormente: 2

Fecha: 2021-06-13T14:48:32.148
Se escribió una letra donde debería ir un número en la línea: 6) a,202014938,DulseaYankin,15/07/1999,29/12/2011,F

Fecha: 2021-06-13T14:48:32.148
Se escribió una letra donde debería ir un número en la línea: 7) 7,,GregoorGeldert,18/03/1996,23/11/2012,M

Fecha: 2021-06-13T14:48:32.148
Se escribió una letra donde debería ir un número en la línea: 9) ,,BairdMcCheyne,11/08/1998,07/10/2009,M

Fecha: 2021-06-13T14:48:32.148
Se escribió un género inexistente en la línea: 10) 10,201715930,AlishaTett,17/02/1991,21/10/2008,Y

Fecha: 2021-06-13T14:48:32.148
Se escribió una letra donde debería ir un número en la línea: 11) 11,registro,RoyBonnette,22/03/1999,21/05/2018,M

Fecha: 2021-06-13T14:48:32.148
Se escribió un género inexistente en la línea: 12) 12,202010165,AguieYantsev,29/04/1999,05/11/2013,I

Fecha: 2021-06-13T14:48:32.148
Se escribió una letra donde debería ir un número en la línea: 13) error,201947635,SkipperShuttlewood,09/12/1995,21/05/2012,M

Fecha: 2021-06-13T14:48:32.148
Esta línea se ha cargado anteriormente: 3

Fecha: 2021-06-13T14:48:32.148
Se escribió un género inexistente en la línea: 16) 16,201883553,YorkeWyllis,15/03/1999,14/11/2014,U

Fecha: 2021-06-13T14:48:32.148
Se escribió una letra donde debería ir un número en la línea: 18) W,202045623,FelipaArthur,03/02/1999,14/07/2010,F

Fecha: 2021-06-13T14:48:32.148
Se escribió un género inexistente en la línea: 19) 19,201861996,MaxieSmaile,07/04/1999,30/05/2016,G

Fecha: 2021-06-13T14:48:32.148
Esta línea se ha cargado anteriormente: 6

Fecha: 2021-06-13T14:48:32.148
No se ha definido un género: 23) 23,201796135,AliPrivost,04/08/1991,25/09/2006,

Fecha: 2021-06-13T14:48:32.148
Se escribió una letra donde debería ir un número en la línea: 24) 24,20187124R,DaffieTarbet,21/09/1999,16/09/2018,F

Fecha: 2021-06-13T14:48:32.148
No se ha definido un género: 26) 26,202052769,DedraGoldster,05/05/1999,25/08/2005,

Fecha: 2021-06-13T14:48:32.148
Se escribió una letra donde debería ir un número en la línea: 27) 27,2017w2453,JedidiahBowman,25/03/1995,07/06/2013,M

Fecha: 2021-06-13T14:48:32.148
Se escribió una letra donde debería ir un número en la línea: 29) ,,BooteInkle,19/02/1995,24/02/2018,M

Fecha: 2021-06-13T14:48:32.148
Se escribió una letra donde debería ir un número en la línea: 38) ,,LaneyGoacher,14/03/1993,10/07/2007,M

Fecha: 2021-06-13T14:48:32.148
Se escribió una letra donde debería ir un número en la línea: 49) ,,AliBlaydes,31/10/1997,18/09/2011,F

Fecha: 2021-06-13T14:48:32.148
Se escribió un género inexistente en la línea: 53) 53,201768751,JoelieCatterick,30/01/1999,10/06/2017,T

Fecha: 2021-06-13T14:48:32.148
Se escribió un género inexistente en la línea: 73) 73,201836734,ManyaDanilovich,06/05/2000,19/08/2015,R

Fecha: 2021-06-13T14:48:32.148
Se escribió una letra donde debería ir un número en la línea: 83) ,,NettieMcGourty,01/03/1996,13/03/2019,F

Fecha: 2021-06-13T14:48:32.148
Se escribió una letra donde debería ir un número en la línea: 89) ,,LayneyBelone,03/12/1998,20/03/2016,F

Fecha: 2021-06-13T14:48:32.148
Esta línea se ha cargado anteriormente: 7

Fecha: 2021-06-13T14:48:32.148
Se escribió una letra donde debería ir un número en la línea: 8) ,,Filosofía

Fecha: 2021-06-13T14:48:32.148
Se escribió una letra donde debería ir un número en la línea: 11) ,,Gerenciales1

Fecha: 2021-06-13T14:48:32.148
Esta línea se ha cargado anteriormente: 10

Fecha: 2021-06-13T14:48:32.148
Se escribió una letra donde debería ir un número en la línea: 20) ,,IntroducciónalaProgramaciónyComputación1

Fecha: 2021-06-13T14:48:32.148
Se escribió una letra donde debería ir un número en la línea: 22) ,,Estructurasdedatos

Fecha: 2021-06-13T14:48:32.148
Se escribió una letra donde debería ir un número en la línea: 26) ,,Teoríadesistemas1

Fecha: 2021-06-13T14:48:32.148
Se escribió una letra donde debería ir un número en la línea: 38) ,,OrganizaciónComputacional

Fecha: 2021-06-13T14:48:32.148
Se escribió una letra donde debería ir un número en la línea: 41) ,,Estructurasdedatos

Fecha: 2021-06-13T14:48:32.148
Se escribió una letra donde debería ir un número en la línea: 47) ,,QuímicaGeneral

Fecha: 2021-06-13T14:48:32.148
Se escribió una letra donde debería ir un número en la línea: 48) ,,Archivos

Fecha: 2021-06-13T14:52:16.414
Se escribió una letra donde debería ir un número en la línea: 4) ,201856949,MalorySpykings,20/03/1997,F

Fecha: 2021-06-13T14:52:16.414
Se escribió una letra donde debería ir un número en la línea: 5) /,201767540,RowLancett,08/04/1991,F

Fecha: 2021-06-13T14:52:16.414
Se escribió una letra donde debería ir un número en la línea: 10) ,201793297,AurieClemmensen,04/05/1998,F

Fecha: 2021-06-13T14:52:16.414
Se escribió un género inexistente en la línea: 11) 11,201954246,DaneFawltey,21/05/1998,H

Fecha: 2021-06-13T14:52:16.414
Se escribió una letra donde debería ir un número en la línea: 12) 12,,CodyGerardin,09/05/1997,M

Fecha: 2021-06-13T14:52:16.414
No se ha definido un género: 13) 13,201789150,AnnelieseDowbiggin,17/03/2000,

Fecha: 2021-06-13T14:52:16.414
Se escribió un género inexistente en la línea: 14) 14,201926315,HendersonFeaks,15/04/1998,G

Fecha: 2021-06-13T14:52:16.414
Se escribió una letra donde debería ir un número en la línea: 20) ,201971095,PersisCarville,11/01/2000,F

Fecha: 2021-06-13T14:52:16.414
Se escribió una letra donde debería ir un número en la línea: 23) ,201916332,StefaMcPake,27/06/1995,F

Fecha: 2021-06-13T14:52:16.414
Se escribió una letra donde debería ir un número en la línea: 26) 26,,BuckieVeel,14/06/1995,M

Fecha: 2021-06-13T14:52:16.414
Se escribió una letra donde debería ir un número en la línea: 27) 27,B,KinAttrey,23/05/1999,M

Fecha: 2021-06-13T14:52:16.414
No se ha definido un género: 28) 28,201869970,RossieUlrik,22/12/1996,

Fecha: 2021-06-13T14:52:16.414
Se escribió una letra donde debería ir un número en la línea: 31) ,202031195,JuneBianco,02/10/1996,F

Fecha: 2021-06-13T14:52:16.414
Se escribió una letra donde debería ir un número en la línea: 34) 34,>,AlidaBreens,10/08/1990,F

Fecha: 2021-06-13T14:52:16.414
Se escribió una letra donde debería ir un número en la línea: 36) ,202057344,TonieHaime,19/04/1999,F

Fecha: 2021-06-13T14:52:16.414
Esta línea se ha cargado anteriormente: 22

Fecha: 2021-06-13T14:52:16.414
Se escribió un género inexistente en la línea: 38) 38,202027725,KendraFrany,30/06/1993,Y

Fecha: 2021-06-13T14:52:16.414
Se escribió una letra donde debería ir un número en la línea: 39) 39,A,BentonRingham,19/04/1994,M

Fecha: 2021-06-13T14:52:16.414
No se ha definido un género: 40) 40,202072198,JillMoodey,21/01/2000,

Fecha: 2021-06-13T14:52:16.414
Se escribió una letra donde debería ir un número en la línea: 42) #,201840357,NeritaStratford,27/12/1996,F

Fecha: 2021-06-13T14:52:16.414
Se escribió una letra donde debería ir un número en la línea: 46) 46,,AshleyKennerknecht,29/04/1994,F

Fecha: 2021-06-13T14:52:16.414
Se escribió una letra donde debería ir un número en la línea: 49) ,201795506,AdanPaur,05/07/1995,M

Fecha: 2021-06-13T14:52:16.414
Se escribió una letra donde debería ir un número en la línea: 50) ,201982520,FreemonLetten,02/12/1997,M

Fecha: 2021-06-13T14:52:16.414
Esta línea se ha cargado anteriormente: 28

Fecha: 2021-06-13T14:52:16.414
Se escribió una letra donde debería ir un número en la línea: 59) 59,carnet,ErnyFones,03/09/1996,M

Fecha: 2021-06-13T14:52:16.414
Se escribió una letra donde debería ir un número en la línea: 64) .,201710002,NealonAllsepp,11/04/1993,M

Fecha: 2021-06-13T14:52:16.414
Se escribió una letra donde debería ir un número en la línea: 66) 66,=,XylinaMartynka,28/06/1991,F

Fecha: 2021-06-13T14:52:16.414
Esta línea se ha cargado anteriormente: 40

Fecha: 2021-06-13T14:52:16.414
Se escribió un género inexistente en la línea: 69) 69,201932838,KrissieQuickfall,24/04/1990,U

Fecha: 2021-06-13T14:52:16.414
Se escribió una letra donde debería ir un número en la línea: 71) ,201778595,MattiasPolack,22/01/1995,M

Fecha: 2021-06-13T14:52:16.414
Se escribió una letra donde debería ir un número en la línea: 72) error,201960049,AlviraVictor,10/02/1996,F

Fecha: 2021-06-13T14:52:16.414
Se escribió una letra donde debería ir un número en la línea: 76) 76,hola,AndiLaws,09/04/1998,F

Fecha: 2021-06-13T14:52:16.414
Esta línea se ha cargado anteriormente: 45

Fecha: 2021-06-13T14:52:16.414
Se escribió una letra donde debería ir un número en la línea: 80) ,201871215,MilliNeylan,07/04/1990,F

Fecha: 2021-06-13T14:52:16.414
Se escribió una letra donde debería ir un número en la línea: 83) ,202014840,RozannaStaines,10/04/1990,F

Fecha: 2021-06-13T14:52:16.414
Se escribió una letra donde debería ir un número en la línea: 88) 88,mundo,PetuniaSworn,11/11/1997,F

Fecha: 2021-06-13T14:52:16.414
Se escribió una letra donde debería ir un número en la línea: 91) 91,{201935067},SelaEvequot,10/09/1999,F

Fecha: 2021-06-13T14:52:16.414
Se escribió una letra donde debería ir un número en la línea: 93) ,202027150,GailRoundtree,12/01/1994,M

Fecha: 2021-06-13T14:52:16.414
Se escribió una letra donde debería ir un número en la línea: 95) ,201833222,CollineMatussov,14/12/1992,F

Fecha: 2021-06-13T14:52:16.414
Se escribió una letra donde debería ir un número en la línea: 98) error,201844007,RyleyJordi,30/05/1994,M

Fecha: 2021-06-13T14:52:16.414
Se escribió una letra donde debería ir un número en la línea: 104) ,201755673,LavernaGormley,01/03/1992,F

Fecha: 2021-06-13T14:52:16.414
Se escribió una letra donde debería ir un número en la línea: 105) id,201787431,TreforJedrychowski,18/01/1990,M

Fecha: 2021-06-13T14:52:16.414
Se escribió una letra donde debería ir un número en la línea: 111) ,201797053,AnsticeFallon,22/06/1994,F

Fecha: 2021-06-13T14:52:16.414
Se escribió una letra donde debería ir un número en la línea: 119) ,201917274,HugibertBein,11/07/1997,M

Fecha: 2021-06-13T14:52:16.414
Se escribió una letra donde debería ir un número en la línea: 146) ,201845649,ShalneBeekmann,11/07/1998,F

Fecha: 2021-06-13T14:52:16.414
Se escribió una letra donde debería ir un número en la línea: 152) ,201866922,TallulahDigges,02/06/1996,F

Fecha: 2021-06-13T14:52:16.414
Se escribió una letra donde debería ir un número en la línea: 160) ,201983175,PiotrCrann,25/05/2000,M

Fecha: 2021-06-13T14:52:16.414
Se escribió una letra donde debería ir un número en la línea: 167) ,201944945,HurleyKohtler,03/10/1995,M

Fecha: 2021-06-13T14:52:16.414
Se escribió una letra donde debería ir un número en la línea: 178) ,202099082,MaiaFend,31/10/1995,F

Fecha: 2021-06-13T14:52:16.414
Se escribió una letra donde debería ir un número en la línea: 179) ,202087990,YurikRoubeix,18/11/1992,M

Fecha: 2021-06-13T14:52:16.414
No se ha definido un género: 1) 1,202085089,NikolaosKemmis,04/07/1994,26/06/2008,

Fecha: 2021-06-13T14:52:16.414
Se escribió una letra donde debería ir un número en la línea: 3) ,,AlvinSelby,22/08/1996,03/08/2018,M

Fecha: 2021-06-13T14:52:16.414
No se ha definido un género: 4) 4,201907604,LonnyAntowski,17/10/1995,20/12/2012,

Fecha: 2021-06-13T14:52:16.414
Esta línea se ha cargado anteriormente: 2

Fecha: 2021-06-13T14:52:16.414
Se escribió una letra donde debería ir un número en la línea: 6) a,202014938,DulseaYankin,15/07/1999,29/12/2011,F

Fecha: 2021-06-13T14:52:16.414
Se escribió una letra donde debería ir un número en la línea: 7) 7,,GregoorGeldert,18/03/1996,23/11/2012,M

Fecha: 2021-06-13T14:52:16.414
Se escribió una letra donde debería ir un número en la línea: 9) ,,BairdMcCheyne,11/08/1998,07/10/2009,M

Fecha: 2021-06-13T14:52:16.414
Se escribió un género inexistente en la línea: 10) 10,201715930,AlishaTett,17/02/1991,21/10/2008,Y

Fecha: 2021-06-13T14:52:16.414
Se escribió una letra donde debería ir un número en la línea: 11) 11,registro,RoyBonnette,22/03/1999,21/05/2018,M

Fecha: 2021-06-13T14:52:16.414
Se escribió un género inexistente en la línea: 12) 12,202010165,AguieYantsev,29/04/1999,05/11/2013,I

Fecha: 2021-06-13T14:52:16.414
Se escribió una letra donde debería ir un número en la línea: 13) error,201947635,SkipperShuttlewood,09/12/1995,21/05/2012,M

Fecha: 2021-06-13T14:52:16.414
Esta línea se ha cargado anteriormente: 3

Fecha: 2021-06-13T14:52:16.414
Se escribió un género inexistente en la línea: 16) 16,201883553,YorkeWyllis,15/03/1999,14/11/2014,U

Fecha: 2021-06-13T14:52:16.414
Se escribió una letra donde debería ir un número en la línea: 18) W,202045623,FelipaArthur,03/02/1999,14/07/2010,F

Fecha: 2021-06-13T14:52:16.414
Se escribió un género inexistente en la línea: 19) 19,201861996,MaxieSmaile,07/04/1999,30/05/2016,G

Fecha: 2021-06-13T14:52:16.414
Esta línea se ha cargado anteriormente: 6

Fecha: 2021-06-13T14:52:16.414
No se ha definido un género: 23) 23,201796135,AliPrivost,04/08/1991,25/09/2006,

Fecha: 2021-06-13T14:52:16.414
Se escribió una letra donde debería ir un número en la línea: 24) 24,20187124R,DaffieTarbet,21/09/1999,16/09/2018,F

Fecha: 2021-06-13T14:52:16.414
No se ha definido un género: 26) 26,202052769,DedraGoldster,05/05/1999,25/08/2005,

Fecha: 2021-06-13T14:52:16.414
Se escribió una letra donde debería ir un número en la línea: 27) 27,2017w2453,JedidiahBowman,25/03/1995,07/06/2013,M

Fecha: 2021-06-13T14:52:16.414
Se escribió una letra donde debería ir un número en la línea: 29) ,,BooteInkle,19/02/1995,24/02/2018,M

Fecha: 2021-06-13T14:52:16.414
Se escribió una letra donde debería ir un número en la línea: 38) ,,LaneyGoacher,14/03/1993,10/07/2007,M

Fecha: 2021-06-13T14:52:16.414
Se escribió una letra donde debería ir un número en la línea: 49) ,,AliBlaydes,31/10/1997,18/09/2011,F

Fecha: 2021-06-13T14:52:16.414
Se escribió un género inexistente en la línea: 53) 53,201768751,JoelieCatterick,30/01/1999,10/06/2017,T

Fecha: 2021-06-13T14:52:16.414
Se escribió un género inexistente en la línea: 73) 73,201836734,ManyaDanilovich,06/05/2000,19/08/2015,R

Fecha: 2021-06-13T14:52:16.414
Se escribió una letra donde debería ir un número en la línea: 83) ,,NettieMcGourty,01/03/1996,13/03/2019,F

Fecha: 2021-06-13T14:52:16.414
Se escribió una letra donde debería ir un número en la línea: 89) ,,LayneyBelone,03/12/1998,20/03/2016,F

Fecha: 2021-06-13T14:52:16.414
Esta línea se ha cargado anteriormente: 7

Fecha: 2021-06-13T14:52:16.414
Se escribió una letra donde debería ir un número en la línea: 8) ,,Filosofía

Fecha: 2021-06-13T14:52:16.414
Se escribió una letra donde debería ir un número en la línea: 11) ,,Gerenciales1

Fecha: 2021-06-13T14:52:16.414
Esta línea se ha cargado anteriormente: 10

Fecha: 2021-06-13T14:52:16.414
Se escribió una letra donde debería ir un número en la línea: 20) ,,IntroducciónalaProgramaciónyComputación1

Fecha: 2021-06-13T14:52:16.414
Se escribió una letra donde debería ir un número en la línea: 22) ,,Estructurasdedatos

Fecha: 2021-06-13T14:52:16.414
Se escribió una letra donde debería ir un número en la línea: 26) ,,Teoríadesistemas1

Fecha: 2021-06-13T14:52:16.414
Se escribió una letra donde debería ir un número en la línea: 38) ,,OrganizaciónComputacional

Fecha: 2021-06-13T14:52:16.414
Se escribió una letra donde debería ir un número en la línea: 41) ,,Estructurasdedatos

Fecha: 2021-06-13T14:52:16.414
Se escribió una letra donde debería ir un número en la línea: 47) ,,QuímicaGeneral

Fecha: 2021-06-13T14:52:16.414
Se escribió una letra donde debería ir un número en la línea: 48) ,,Archivos

